Flow report for logisimTopLevelShell
Thu Mar 31 18:26:08 2022
Quartus Prime Version 18.1.0 Build 625 09/12/2018 SJ Lite Edition


---------------------
; Table of Contents ;
---------------------
  1. Legal Notice
  2. Flow Summary
  3. Flow Settings
  4. Flow Non-Default Global Settings
  5. Flow Elapsed Time
  6. Flow OS Summary
  7. Flow Log
  8. Flow Messages
  9. Flow Suppressed Messages



----------------
; Legal Notice ;
----------------
Copyright (C) 2018  Intel Corporation. All rights reserved.
Your use of Intel Corporation's design tools, logic functions 
and other software and tools, and its AMPP partner logic 
functions, and any output files from any of the foregoing 
(including device programming or simulation files), and any 
associated documentation or information are expressly subject 
to the terms and conditions of the Intel Program License 
Subscription Agreement, the Intel Quartus Prime License Agreement,
the Intel FPGA IP License Agreement, or other applicable license
agreement, including, without limitation, that your use is for
the sole purpose of programming logic devices manufactured by
Intel and sold by Intel or its authorized distributors.  Please
refer to the applicable agreement for further details.



+----------------------------------------------------------------------------------+
; Flow Summary                                                                     ;
+------------------------------------+---------------------------------------------+
; Flow Status                        ; Successful - Thu Mar 31 18:26:05 2022       ;
; Quartus Prime Version              ; 18.1.0 Build 625 09/12/2018 SJ Lite Edition ;
; Revision Name                      ; logisimTopLevelShell                        ;
; Top-level Entity Name              ; logisimTopLevelShell                        ;
; Family                             ; Cyclone IV E                                ;
; Device                             ; EP4CE30F23C8                                ;
; Timing Models                      ; Final                                       ;
; Total logic elements               ; 97 / 28,848 ( < 1 % )                       ;
;     Total combinational functions  ; 97 / 28,848 ( < 1 % )                       ;
;     Dedicated logic registers      ; 37 / 28,848 ( < 1 % )                       ;
; Total registers                    ; 37                                          ;
; Total pins                         ; 135 / 329 ( 41 % )                          ;
; Total virtual pins                 ; 0                                           ;
; Total memory bits                  ; 0 / 608,256 ( 0 % )                         ;
; Embedded Multiplier 9-bit elements ; 0 / 132 ( 0 % )                             ;
; Total PLLs                         ; 0 / 4 ( 0 % )                               ;
+------------------------------------+---------------------------------------------+


+------------------------------------------+
; Flow Settings                            ;
+-------------------+----------------------+
; Option            ; Setting              ;
+-------------------+----------------------+
; Start date & time ; 03/31/2022 18:25:38  ;
; Main task         ; Compilation          ;
; Revision Name     ; logisimTopLevelShell ;
+-------------------+----------------------+


+---------------------------------------------------------------------------------------------------------------+
; Flow Non-Default Global Settings                                                                              ;
+----------------------------------+---------------------------------+---------------+-------------+------------+
; Assignment Name                  ; Value                           ; Default Value ; Entity Name ; Section Id ;
+----------------------------------+---------------------------------+---------------+-------------+------------+
; COMPILER_SIGNATURE_ID            ; 158527626240963.164874393827284 ; --            ; --          ; --         ;
; CYCLONEII_OPTIMIZATION_TECHNIQUE ; Area                            ; Balanced      ; --          ; --         ;
; FMAX_REQUIREMENT                 ; 12 MHz                          ; --            ; --          ; --         ;
+----------------------------------+---------------------------------+---------------+-------------+------------+


+--------------------------------------------------------------------------------------------------------------------------+
; Flow Elapsed Time                                                                                                        ;
+----------------------+--------------+-------------------------+---------------------+------------------------------------+
; Module Name          ; Elapsed Time ; Average Processors Used ; Peak Virtual Memory ; Total CPU Time (on all processors) ;
+----------------------+--------------+-------------------------+---------------------+------------------------------------+
; Analysis & Synthesis ; 00:00:15     ; 1.0                     ; 4791 MB             ; 00:00:33                           ;
; Fitter               ; 00:00:08     ; 1.0                     ; 5546 MB             ; 00:00:11                           ;
; Assembler            ; 00:00:02     ; 1.0                     ; 4676 MB             ; 00:00:01                           ;
; Timing Analyzer      ; 00:00:02     ; 1.0                     ; 4779 MB             ; 00:00:03                           ;
; Total                ; 00:00:27     ; --                      ; --                  ; 00:00:48                           ;
+----------------------+--------------+-------------------------+---------------------+------------------------------------+


+------------------------------------------------------------------------------------+
; Flow OS Summary                                                                    ;
+----------------------+------------------+------------+------------+----------------+
; Module Name          ; Machine Hostname ; OS Name    ; OS Version ; Processor type ;
+----------------------+------------------+------------+------------+----------------+
; Analysis & Synthesis ; Lenovo           ; Windows 10 ; 10.0       ; x86_64         ;
; Fitter               ; Lenovo           ; Windows 10 ; 10.0       ; x86_64         ;
; Assembler            ; Lenovo           ; Windows 10 ; 10.0       ; x86_64         ;
; Timing Analyzer      ; Lenovo           ; Windows 10 ; 10.0       ; x86_64         ;
+----------------------+------------------+------------+------------+----------------+


------------
; Flow Log ;
------------
quartus_map --read_settings_files=on --write_settings_files=off logisimTopLevelShell -c logisimTopLevelShell
quartus_fit --read_settings_files=off --write_settings_files=off logisimTopLevelShell -c logisimTopLevelShell
quartus_asm --read_settings_files=off --write_settings_files=off logisimTopLevelShell -c logisimTopLevelShell
quartus_sta logisimTopLevelShell -c logisimTopLevelShell



